0 info it worked if it ends with ok
1 verbose cli [ '/usr/local/Cellar/node@6/6.9.2/bin/node',
1 verbose cli   '/usr/local/bin/npm',
1 verbose cli   'start' ]
2 info using npm@3.10.8
3 info using node@v6.9.2
4 verbose run-script [ 'prestart', 'start', 'poststart' ]
5 info lifecycle tfl-api@0.1.0~prestart: tfl-api@0.1.0
6 silly lifecycle tfl-api@0.1.0~prestart: no script for prestart, continuing
7 info lifecycle tfl-api@0.1.0~start: tfl-api@0.1.0
8 verbose lifecycle tfl-api@0.1.0~start: unsafe-perm in lifecycle true
9 verbose lifecycle tfl-api@0.1.0~start: PATH: /usr/local/lib/node_modules/npm/bin/node-gyp-bin:/Users/thierry/repos/TfL-API/node_modules/.bin:/usr/local/Cellar/node@6/6.9.2/bin:/Library/TeX/texbin:/Users/thierry/.composer/vendor/bin:/usr/local/sbin:/usr/local/opt/php70/bin:/usr/local/bin:/usr/bin:/bin:/usr/sbin:/sbin:/usr/local/bin:/opt/X11/bin:/usr/local/MacGPG2/bin
10 verbose lifecycle tfl-api@0.1.0~start: CWD: /Users/thierry/repos/TfL-API
11 silly lifecycle tfl-api@0.1.0~start: Args: [ '-c', 'nodejs dist/index.js' ]
12 info lifecycle tfl-api@0.1.0~start: Failed to exec start script
13 verbose stack Error: tfl-api@0.1.0 start: `nodejs dist/index.js`
13 verbose stack spawn ENOENT
13 verbose stack     at ChildProcess.<anonymous> (/usr/local/lib/node_modules/npm/lib/utils/spawn.js:33:16)
13 verbose stack     at emitTwo (events.js:106:13)
13 verbose stack     at ChildProcess.emit (events.js:191:7)
13 verbose stack     at maybeClose (internal/child_process.js:877:16)
13 verbose stack     at Process.ChildProcess._handle.onexit (internal/child_process.js:226:5)
14 verbose pkgid tfl-api@0.1.0
15 verbose cwd /Users/thierry/repos/TfL-API
16 error Darwin 15.6.0
17 error argv "/usr/local/Cellar/node@6/6.9.2/bin/node" "/usr/local/bin/npm" "start"
18 error node v6.9.2
19 error npm  v3.10.8
20 error file sh
21 error code ELIFECYCLE
22 error errno ENOENT
23 error syscall spawn
24 error tfl-api@0.1.0 start: `nodejs dist/index.js`
24 error spawn ENOENT
25 error Failed at the tfl-api@0.1.0 start script 'nodejs dist/index.js'.
25 error Make sure you have the latest version of node.js and npm installed.
25 error If you do, this is most likely a problem with the tfl-api package,
25 error not with npm itself.
25 error Tell the author that this fails on your system:
25 error     nodejs dist/index.js
25 error You can get information on how to open an issue for this project with:
25 error     npm bugs tfl-api
25 error Or if that isn't available, you can get their info via:
25 error     npm owner ls tfl-api
25 error There is likely additional logging output above.
26 verbose exit [ 1, true ]
